<testsuite name="Mocha Tests" tests="8" failures="0" errors="8" skipped="0" timestamp="Tue, 30 Sep 2025 05:55:33 GMT" time="0.005">
<testcase classname="HTML Visibility Analyzer analyzeTextComparison" name="should analyze content differences" file="/Users/sandsinh/Desktop/aso/spacecat-shared/packages/spacecat-shared-html-analyzer/test/index.test.js" time="0.001"><failure>Cheerio is required for Node.js environments. Please install it: npm install cheerio
Error: Cheerio is required for Node.js environments. Please install it: npm install cheerio
    at filterHtmlNode (file:///Users/sandsinh/Desktop/aso/spacecat-shared/packages/spacecat-shared-html-analyzer/src/html-filter.js:243:11)
    at async analyzeTextComparison (file:///Users/sandsinh/Desktop/aso/spacecat-shared/packages/spacecat-shared-html-analyzer/src/analyzer.js:35:20)
    at async Context.&#x3C;anonymous&#x3E; (file:///Users/sandsinh/Desktop/aso/spacecat-shared/packages/spacecat-shared-html-analyzer/test/index.test.js:27:22)</failure></testcase>
<testcase classname="HTML Visibility Analyzer analyzeTextComparison" name="should handle identical content" file="/Users/sandsinh/Desktop/aso/spacecat-shared/packages/spacecat-shared-html-analyzer/test/index.test.js" time="0"><failure>Cheerio is required for Node.js environments. Please install it: npm install cheerio
Error: Cheerio is required for Node.js environments. Please install it: npm install cheerio
    at filterHtmlNode (file:///Users/sandsinh/Desktop/aso/spacecat-shared/packages/spacecat-shared-html-analyzer/src/html-filter.js:243:11)
    at async analyzeTextComparison (file:///Users/sandsinh/Desktop/aso/spacecat-shared/packages/spacecat-shared-html-analyzer/src/analyzer.js:35:20)
    at async Context.&#x3C;anonymous&#x3E; (file:///Users/sandsinh/Desktop/aso/spacecat-shared/packages/spacecat-shared-html-analyzer/test/index.test.js:37:22)</failure></testcase>
<testcase classname="HTML Visibility Analyzer analyzeTextComparison" name="should handle empty content" file="/Users/sandsinh/Desktop/aso/spacecat-shared/packages/spacecat-shared-html-analyzer/test/index.test.js" time="0"><failure>Cheerio is required for Node.js environments. Please install it: npm install cheerio
Error: Cheerio is required for Node.js environments. Please install it: npm install cheerio
    at filterHtmlNode (file:///Users/sandsinh/Desktop/aso/spacecat-shared/packages/spacecat-shared-html-analyzer/src/html-filter.js:243:11)
    at async analyzeTextComparison (file:///Users/sandsinh/Desktop/aso/spacecat-shared/packages/spacecat-shared-html-analyzer/src/analyzer.js:36:19)
    at async Context.&#x3C;anonymous&#x3E; (file:///Users/sandsinh/Desktop/aso/spacecat-shared/packages/spacecat-shared-html-analyzer/test/index.test.js:44:22)</failure></testcase>
<testcase classname="HTML Visibility Analyzer calculateStats" name="should provide basic comparison statistics" file="/Users/sandsinh/Desktop/aso/spacecat-shared/packages/spacecat-shared-html-analyzer/test/index.test.js" time="0.001"><failure>Cheerio is required for Node.js environments. Please install it: npm install cheerio
Error: Cheerio is required for Node.js environments. Please install it: npm install cheerio
    at filterHtmlNode (file:///Users/sandsinh/Desktop/aso/spacecat-shared/packages/spacecat-shared-html-analyzer/src/html-filter.js:243:11)
    at async calculateStats (file:///Users/sandsinh/Desktop/aso/spacecat-shared/packages/spacecat-shared-html-analyzer/src/analyzer.js:71:24)
    at async Context.&#x3C;anonymous&#x3E; (file:///Users/sandsinh/Desktop/aso/spacecat-shared/packages/spacecat-shared-html-analyzer/test/index.test.js:53:22)</failure></testcase>
<testcase classname="HTML Visibility Analyzer calculateBothScenarioStats" name="should provide statistics for both scenarios" file="/Users/sandsinh/Desktop/aso/spacecat-shared/packages/spacecat-shared-html-analyzer/test/index.test.js" time="0"><failure>Cheerio is required for Node.js environments. Please install it: npm install cheerio
Error: Cheerio is required for Node.js environments. Please install it: npm install cheerio
    at filterHtmlNode (file:///Users/sandsinh/Desktop/aso/spacecat-shared/packages/spacecat-shared-html-analyzer/src/html-filter.js:243:11)
    at async calculateStats (file:///Users/sandsinh/Desktop/aso/spacecat-shared/packages/spacecat-shared-html-analyzer/src/analyzer.js:71:24)
    at async calculateBothScenarioStats (file:///Users/sandsinh/Desktop/aso/spacecat-shared/packages/spacecat-shared-html-analyzer/src/analyzer.js:106:24)
    at async Context.&#x3C;anonymous&#x3E; (file:///Users/sandsinh/Desktop/aso/spacecat-shared/packages/spacecat-shared-html-analyzer/test/index.test.js:67:22)</failure></testcase>
<testcase classname="HTML Visibility Analyzer stripTagsToText" name="should extract text content from HTML" file="/Users/sandsinh/Desktop/aso/spacecat-shared/packages/spacecat-shared-html-analyzer/test/index.test.js" time="0.001"><failure>Cheerio is required for Node.js environments. Please install it: npm install cheerio
Error: Cheerio is required for Node.js environments. Please install it: npm install cheerio
    at filterHtmlNode (file:///Users/sandsinh/Desktop/aso/spacecat-shared/packages/spacecat-shared-html-analyzer/src/html-filter.js:243:11)
    at async Context.&#x3C;anonymous&#x3E; (file:///Users/sandsinh/Desktop/aso/spacecat-shared/packages/spacecat-shared-html-analyzer/test/index.test.js:79:20)</failure></testcase>
<testcase classname="HTML Visibility Analyzer stripTagsToText" name="should remove navigation elements when ignoreNavFooter is true" file="/Users/sandsinh/Desktop/aso/spacecat-shared/packages/spacecat-shared-html-analyzer/test/index.test.js" time="0"><failure>Cheerio is required for Node.js environments. Please install it: npm install cheerio
Error: Cheerio is required for Node.js environments. Please install it: npm install cheerio
    at filterHtmlNode (file:///Users/sandsinh/Desktop/aso/spacecat-shared/packages/spacecat-shared-html-analyzer/src/html-filter.js:243:11)
    at async Context.&#x3C;anonymous&#x3E; (file:///Users/sandsinh/Desktop/aso/spacecat-shared/packages/spacecat-shared-html-analyzer/test/index.test.js:91:20)</failure></testcase>
<testcase classname="HTML Visibility Analyzer stripTagsToText" name="should keep navigation elements when ignoreNavFooter is false" file="/Users/sandsinh/Desktop/aso/spacecat-shared/packages/spacecat-shared-html-analyzer/test/index.test.js" time="0"><failure>Cheerio is required for Node.js environments. Please install it: npm install cheerio
Error: Cheerio is required for Node.js environments. Please install it: npm install cheerio
    at filterHtmlNode (file:///Users/sandsinh/Desktop/aso/spacecat-shared/packages/spacecat-shared-html-analyzer/src/html-filter.js:243:11)
    at async Context.&#x3C;anonymous&#x3E; (file:///Users/sandsinh/Desktop/aso/spacecat-shared/packages/spacecat-shared-html-analyzer/test/index.test.js:101:20)</failure></testcase>
</testsuite>
