<testsuite name="Mocha Tests" tests="8" failures="0" errors="0" skipped="0" timestamp="Thu, 13 Nov 2025 11:31:33 GMT" time="0.159">
<testcase classname="HTML Visibility Analyzer analyzeTextComparison" name="should analyze content differences" file="/Users/ssilare/Desktop/projects/ssilare-adobe/spacecat-shared/packages/spacecat-shared-html-analyzer/test/index.test.js" time="0.14"/>
<testcase classname="HTML Visibility Analyzer analyzeTextComparison" name="should handle identical content" file="/Users/ssilare/Desktop/projects/ssilare-adobe/spacecat-shared/packages/spacecat-shared-html-analyzer/test/index.test.js" time="0.002"/>
<testcase classname="HTML Visibility Analyzer analyzeTextComparison" name="should handle empty content" file="/Users/ssilare/Desktop/projects/ssilare-adobe/spacecat-shared/packages/spacecat-shared-html-analyzer/test/index.test.js" time="0.002"/>
<testcase classname="HTML Visibility Analyzer calculateStats" name="should provide basic comparison statistics" file="/Users/ssilare/Desktop/projects/ssilare-adobe/spacecat-shared/packages/spacecat-shared-html-analyzer/test/index.test.js" time="0.002"/>
<testcase classname="HTML Visibility Analyzer calculateBothScenarioStats" name="should provide statistics for both scenarios" file="/Users/ssilare/Desktop/projects/ssilare-adobe/spacecat-shared/packages/spacecat-shared-html-analyzer/test/index.test.js" time="0.003"/>
<testcase classname="HTML Visibility Analyzer stripTagsToText" name="should extract text content from HTML" file="/Users/ssilare/Desktop/projects/ssilare-adobe/spacecat-shared/packages/spacecat-shared-html-analyzer/test/index.test.js" time="0.001"/>
<testcase classname="HTML Visibility Analyzer stripTagsToText" name="should remove navigation elements when ignoreNavFooter is true" file="/Users/ssilare/Desktop/projects/ssilare-adobe/spacecat-shared/packages/spacecat-shared-html-analyzer/test/index.test.js" time="0.001"/>
<testcase classname="HTML Visibility Analyzer stripTagsToText" name="should keep navigation elements when ignoreNavFooter is false" file="/Users/ssilare/Desktop/projects/ssilare-adobe/spacecat-shared/packages/spacecat-shared-html-analyzer/test/index.test.js" time="0.001"/>
</testsuite>
